{"C:\\Users\\GermanDG\\Desktop\\Practicas\\udemy\\pruebas-tecnicas\\challenge2\\palindrome.js": {"path":"C:\\Users\\GermanDG\\Desktop\\Practicas\\udemy\\pruebas-tecnicas\\challenge2\\palindrome.js","all":false,"statementMap":{"0":{"start":{"line":1,"column":0},"end":{"line":1,"column":32}},"1":{"start":{"line":2,"column":0},"end":{"line":2,"column":53}},"2":{"start":{"line":3,"column":0},"end":{"line":3,"column":29}},"3":{"start":{"line":4,"column":0},"end":{"line":4,"column":2}},"4":{"start":{"line":5,"column":0},"end":{"line":5,"column":0}},"5":{"start":{"line":6,"column":0},"end":{"line":6,"column":30}}},"s":{"0":1,"1":2,"2":2,"3":2,"4":1,"5":1},"branchMap":{"0":{"type":"branch","line":1,"loc":{"start":{"line":1,"column":22},"end":{"line":4,"column":2}},"locations":[{"start":{"line":1,"column":22},"end":{"line":4,"column":2}}]}},"b":{"0":[2]},"fnMap":{"0":{"name":"isPalindrome","decl":{"start":{"line":1,"column":22},"end":{"line":4,"column":2}},"loc":{"start":{"line":1,"column":22},"end":{"line":4,"column":2}},"line":1}},"f":{"0":2}}
,"C:\\Users\\GermanDG\\Desktop\\Practicas\\udemy\\pruebas-tecnicas\\challenge3\\timesInASentence.js": {"path":"C:\\Users\\GermanDG\\Desktop\\Practicas\\udemy\\pruebas-tecnicas\\challenge3\\timesInASentence.js","all":false,"statementMap":{"0":{"start":{"line":1,"column":0},"end":{"line":1,"column":46}},"1":{"start":{"line":2,"column":0},"end":{"line":2,"column":70}},"2":{"start":{"line":3,"column":0},"end":{"line":3,"column":55}},"3":{"start":{"line":4,"column":0},"end":{"line":4,"column":50}},"4":{"start":{"line":5,"column":0},"end":{"line":5,"column":15}},"5":{"start":{"line":6,"column":0},"end":{"line":6,"column":8}},"6":{"start":{"line":7,"column":0},"end":{"line":7,"column":65}},"7":{"start":{"line":8,"column":0},"end":{"line":8,"column":2}},"8":{"start":{"line":9,"column":0},"end":{"line":9,"column":0}},"9":{"start":{"line":10,"column":0},"end":{"line":10,"column":34}}},"s":{"0":1,"1":1,"2":1,"3":8,"4":8,"5":1,"6":1,"7":1,"8":1,"9":1},"branchMap":{"0":{"type":"branch","line":1,"loc":{"start":{"line":1,"column":25},"end":{"line":8,"column":2}},"locations":[{"start":{"line":1,"column":25},"end":{"line":8,"column":2}}]},"1":{"type":"branch","line":3,"loc":{"start":{"line":3,"column":35},"end":{"line":6,"column":5}},"locations":[{"start":{"line":3,"column":35},"end":{"line":6,"column":5}}]},"2":{"type":"branch","line":4,"loc":{"start":{"line":4,"column":4},"end":{"line":4,"column":46}},"locations":[{"start":{"line":4,"column":4},"end":{"line":4,"column":46}}]},"3":{"type":"branch","line":4,"loc":{"start":{"line":4,"column":4},"end":{"line":4,"column":50}},"locations":[{"start":{"line":4,"column":4},"end":{"line":4,"column":50}}]}},"b":{"0":[1],"1":[8],"2":[2],"3":[6]},"fnMap":{"0":{"name":"timesInASentence","decl":{"start":{"line":1,"column":25},"end":{"line":8,"column":2}},"loc":{"start":{"line":1,"column":25},"end":{"line":8,"column":2}},"line":1}},"f":{"0":1}}
,"C:\\Users\\GermanDG\\Desktop\\Practicas\\udemy\\pruebas-tecnicas\\challenge4\\reverseStringWithoutMethods.js": {"path":"C:\\Users\\GermanDG\\Desktop\\Practicas\\udemy\\pruebas-tecnicas\\challenge4\\reverseStringWithoutMethods.js","all":false,"statementMap":{"0":{"start":{"line":1,"column":0},"end":{"line":1,"column":33}},"1":{"start":{"line":2,"column":0},"end":{"line":2,"column":20}},"2":{"start":{"line":3,"column":0},"end":{"line":3,"column":46}},"3":{"start":{"line":4,"column":0},"end":{"line":4,"column":24}},"4":{"start":{"line":5,"column":0},"end":{"line":5,"column":3}},"5":{"start":{"line":6,"column":0},"end":{"line":6,"column":18}},"6":{"start":{"line":7,"column":0},"end":{"line":7,"column":2}},"7":{"start":{"line":8,"column":0},"end":{"line":8,"column":0}},"8":{"start":{"line":9,"column":0},"end":{"line":9,"column":31}}},"s":{"0":1,"1":1,"2":1,"3":6,"4":6,"5":1,"6":1,"7":1,"8":1},"branchMap":{"0":{"type":"branch","line":1,"loc":{"start":{"line":1,"column":23},"end":{"line":7,"column":2}},"locations":[{"start":{"line":1,"column":23},"end":{"line":7,"column":2}}]},"1":{"type":"branch","line":3,"loc":{"start":{"line":3,"column":45},"end":{"line":5,"column":3}},"locations":[{"start":{"line":3,"column":45},"end":{"line":5,"column":3}}]}},"b":{"0":[1],"1":[6]},"fnMap":{"0":{"name":"reverseString","decl":{"start":{"line":1,"column":23},"end":{"line":7,"column":2}},"loc":{"start":{"line":1,"column":23},"end":{"line":7,"column":2}},"line":1}},"f":{"0":1}}
}
