{"C:\\Users\\GermanDG\\Desktop\\Practicas\\udemy\\pruebas-tecnicas\\challenge10\\makeStairs.js": {"path":"C:\\Users\\GermanDG\\Desktop\\Practicas\\udemy\\pruebas-tecnicas\\challenge10\\makeStairs.js","all":false,"statementMap":{"0":{"start":{"line":1,"column":0},"end":{"line":1,"column":30}},"1":{"start":{"line":2,"column":0},"end":{"line":2,"column":18}},"2":{"start":{"line":3,"column":0},"end":{"line":3,"column":47}},"3":{"start":{"line":4,"column":0},"end":{"line":4,"column":19}},"4":{"start":{"line":5,"column":0},"end":{"line":5,"column":47}},"5":{"start":{"line":6,"column":0},"end":{"line":6,"column":21}},"6":{"start":{"line":7,"column":0},"end":{"line":7,"column":5}},"7":{"start":{"line":8,"column":0},"end":{"line":8,"column":27}},"8":{"start":{"line":9,"column":0},"end":{"line":9,"column":3}},"9":{"start":{"line":10,"column":0},"end":{"line":10,"column":16}},"10":{"start":{"line":11,"column":0},"end":{"line":11,"column":2}},"11":{"start":{"line":12,"column":0},"end":{"line":12,"column":0}},"12":{"start":{"line":13,"column":0},"end":{"line":13,"column":28}}},"s":{"0":1,"1":1,"2":1,"3":4,"4":4,"5":10,"6":10,"7":4,"8":4,"9":1,"10":1,"11":1,"12":1},"branchMap":{"0":{"type":"branch","line":1,"loc":{"start":{"line":1,"column":20},"end":{"line":11,"column":2}},"locations":[{"start":{"line":1,"column":20},"end":{"line":11,"column":2}}]},"1":{"type":"branch","line":3,"loc":{"start":{"line":3,"column":46},"end":{"line":9,"column":3}},"locations":[{"start":{"line":3,"column":46},"end":{"line":9,"column":3}}]},"2":{"type":"branch","line":5,"loc":{"start":{"line":5,"column":46},"end":{"line":7,"column":5}},"locations":[{"start":{"line":5,"column":46},"end":{"line":7,"column":5}}]}},"b":{"0":[1],"1":[4],"2":[10]},"fnMap":{"0":{"name":"makeStairs","decl":{"start":{"line":1,"column":20},"end":{"line":11,"column":2}},"loc":{"start":{"line":1,"column":20},"end":{"line":11,"column":2}},"line":1}},"f":{"0":1}}
,"C:\\Users\\GermanDG\\Desktop\\Practicas\\udemy\\pruebas-tecnicas\\challenge2\\palindrome.js": {"path":"C:\\Users\\GermanDG\\Desktop\\Practicas\\udemy\\pruebas-tecnicas\\challenge2\\palindrome.js","all":false,"statementMap":{"0":{"start":{"line":1,"column":0},"end":{"line":1,"column":32}},"1":{"start":{"line":2,"column":0},"end":{"line":2,"column":53}},"2":{"start":{"line":3,"column":0},"end":{"line":3,"column":29}},"3":{"start":{"line":4,"column":0},"end":{"line":4,"column":2}},"4":{"start":{"line":5,"column":0},"end":{"line":5,"column":0}},"5":{"start":{"line":6,"column":0},"end":{"line":6,"column":30}}},"s":{"0":1,"1":2,"2":2,"3":2,"4":1,"5":1},"branchMap":{"0":{"type":"branch","line":1,"loc":{"start":{"line":1,"column":22},"end":{"line":4,"column":2}},"locations":[{"start":{"line":1,"column":22},"end":{"line":4,"column":2}}]}},"b":{"0":[2]},"fnMap":{"0":{"name":"isPalindrome","decl":{"start":{"line":1,"column":22},"end":{"line":4,"column":2}},"loc":{"start":{"line":1,"column":22},"end":{"line":4,"column":2}},"line":1}},"f":{"0":2}}
,"C:\\Users\\GermanDG\\Desktop\\Practicas\\udemy\\pruebas-tecnicas\\challenge3\\timesInASentence.js": {"path":"C:\\Users\\GermanDG\\Desktop\\Practicas\\udemy\\pruebas-tecnicas\\challenge3\\timesInASentence.js","all":false,"statementMap":{"0":{"start":{"line":1,"column":0},"end":{"line":1,"column":46}},"1":{"start":{"line":2,"column":0},"end":{"line":2,"column":70}},"2":{"start":{"line":3,"column":0},"end":{"line":3,"column":55}},"3":{"start":{"line":4,"column":0},"end":{"line":4,"column":50}},"4":{"start":{"line":5,"column":0},"end":{"line":5,"column":15}},"5":{"start":{"line":6,"column":0},"end":{"line":6,"column":8}},"6":{"start":{"line":7,"column":0},"end":{"line":7,"column":65}},"7":{"start":{"line":8,"column":0},"end":{"line":8,"column":2}},"8":{"start":{"line":9,"column":0},"end":{"line":9,"column":0}},"9":{"start":{"line":10,"column":0},"end":{"line":10,"column":34}}},"s":{"0":1,"1":1,"2":1,"3":8,"4":8,"5":1,"6":1,"7":1,"8":1,"9":1},"branchMap":{"0":{"type":"branch","line":1,"loc":{"start":{"line":1,"column":25},"end":{"line":8,"column":2}},"locations":[{"start":{"line":1,"column":25},"end":{"line":8,"column":2}}]},"1":{"type":"branch","line":3,"loc":{"start":{"line":3,"column":35},"end":{"line":6,"column":5}},"locations":[{"start":{"line":3,"column":35},"end":{"line":6,"column":5}}]},"2":{"type":"branch","line":4,"loc":{"start":{"line":4,"column":4},"end":{"line":4,"column":46}},"locations":[{"start":{"line":4,"column":4},"end":{"line":4,"column":46}}]},"3":{"type":"branch","line":4,"loc":{"start":{"line":4,"column":4},"end":{"line":4,"column":50}},"locations":[{"start":{"line":4,"column":4},"end":{"line":4,"column":50}}]}},"b":{"0":[1],"1":[8],"2":[2],"3":[6]},"fnMap":{"0":{"name":"timesInASentence","decl":{"start":{"line":1,"column":25},"end":{"line":8,"column":2}},"loc":{"start":{"line":1,"column":25},"end":{"line":8,"column":2}},"line":1}},"f":{"0":1}}
,"C:\\Users\\GermanDG\\Desktop\\Practicas\\udemy\\pruebas-tecnicas\\challenge38\\squaredNumbersFromZero.js": {"path":"C:\\Users\\GermanDG\\Desktop\\Practicas\\udemy\\pruebas-tecnicas\\challenge38\\squaredNumbersFromZero.js","all":false,"statementMap":{"0":{"start":{"line":1,"column":0},"end":{"line":1,"column":47}},"1":{"start":{"line":2,"column":0},"end":{"line":2,"column":29}},"2":{"start":{"line":3,"column":0},"end":{"line":3,"column":40}},"3":{"start":{"line":4,"column":0},"end":{"line":4,"column":43}},"4":{"start":{"line":5,"column":0},"end":{"line":5,"column":6}},"5":{"start":{"line":6,"column":0},"end":{"line":6,"column":27}},"6":{"start":{"line":7,"column":0},"end":{"line":7,"column":5}},"7":{"start":{"line":8,"column":0},"end":{"line":8,"column":0}},"8":{"start":{"line":9,"column":0},"end":{"line":9,"column":36}},"9":{"start":{"line":10,"column":0},"end":{"line":10,"column":25}},"10":{"start":{"line":11,"column":0},"end":{"line":11,"column":2}},"11":{"start":{"line":12,"column":0},"end":{"line":12,"column":0}},"12":{"start":{"line":13,"column":0},"end":{"line":13,"column":44}},"13":{"start":{"line":14,"column":0},"end":{"line":14,"column":23}},"14":{"start":{"line":15,"column":0},"end":{"line":15,"column":37}},"15":{"start":{"line":16,"column":0},"end":{"line":16,"column":40}},"16":{"start":{"line":17,"column":0},"end":{"line":17,"column":3}},"17":{"start":{"line":18,"column":0},"end":{"line":18,"column":21}},"18":{"start":{"line":19,"column":0},"end":{"line":19,"column":2}},"19":{"start":{"line":20,"column":0},"end":{"line":20,"column":0}},"20":{"start":{"line":21,"column":0},"end":{"line":21,"column":39}},"21":{"start":{"line":22,"column":0},"end":{"line":22,"column":0}},"22":{"start":{"line":23,"column":0},"end":{"line":23,"column":40}}},"s":{"0":1,"1":1,"2":1,"3":1,"4":1,"5":1,"6":1,"7":1,"8":1,"9":8,"10":8,"11":1,"12":1,"13":2,"14":2,"15":8,"16":8,"17":2,"18":2,"19":1,"20":1,"21":1,"22":1},"branchMap":{"0":{"type":"branch","line":9,"loc":{"start":{"line":9,"column":24},"end":{"line":11,"column":2}},"locations":[{"start":{"line":9,"column":24},"end":{"line":11,"column":2}}]},"1":{"type":"branch","line":13,"loc":{"start":{"line":13,"column":32},"end":{"line":19,"column":2}},"locations":[{"start":{"line":13,"column":32},"end":{"line":19,"column":2}}]},"2":{"type":"branch","line":15,"loc":{"start":{"line":15,"column":36},"end":{"line":17,"column":3}},"locations":[{"start":{"line":15,"column":36},"end":{"line":17,"column":3}}]}},"b":{"0":[8],"1":[2],"2":[8]},"fnMap":{"0":{"name":"squaredNumbers","decl":{"start":{"line":9,"column":24},"end":{"line":11,"column":2}},"loc":{"start":{"line":9,"column":24},"end":{"line":11,"column":2}},"line":9},"1":{"name":"squaredNumbersFromZero","decl":{"start":{"line":13,"column":32},"end":{"line":19,"column":2}},"loc":{"start":{"line":13,"column":32},"end":{"line":19,"column":2}},"line":13}},"f":{"0":8,"1":2}}
,"C:\\Users\\GermanDG\\Desktop\\Practicas\\udemy\\pruebas-tecnicas\\challenge4\\reverseStringWithoutMethods.js": {"path":"C:\\Users\\GermanDG\\Desktop\\Practicas\\udemy\\pruebas-tecnicas\\challenge4\\reverseStringWithoutMethods.js","all":false,"statementMap":{"0":{"start":{"line":1,"column":0},"end":{"line":1,"column":33}},"1":{"start":{"line":2,"column":0},"end":{"line":2,"column":20}},"2":{"start":{"line":3,"column":0},"end":{"line":3,"column":46}},"3":{"start":{"line":4,"column":0},"end":{"line":4,"column":24}},"4":{"start":{"line":5,"column":0},"end":{"line":5,"column":3}},"5":{"start":{"line":6,"column":0},"end":{"line":6,"column":18}},"6":{"start":{"line":7,"column":0},"end":{"line":7,"column":2}},"7":{"start":{"line":8,"column":0},"end":{"line":8,"column":0}},"8":{"start":{"line":9,"column":0},"end":{"line":9,"column":31}}},"s":{"0":1,"1":1,"2":1,"3":6,"4":6,"5":1,"6":1,"7":1,"8":1},"branchMap":{"0":{"type":"branch","line":1,"loc":{"start":{"line":1,"column":23},"end":{"line":7,"column":2}},"locations":[{"start":{"line":1,"column":23},"end":{"line":7,"column":2}}]},"1":{"type":"branch","line":3,"loc":{"start":{"line":3,"column":45},"end":{"line":5,"column":3}},"locations":[{"start":{"line":3,"column":45},"end":{"line":5,"column":3}}]}},"b":{"0":[1],"1":[6]},"fnMap":{"0":{"name":"reverseString","decl":{"start":{"line":1,"column":23},"end":{"line":7,"column":2}},"loc":{"start":{"line":1,"column":23},"end":{"line":7,"column":2}},"line":1}},"f":{"0":1}}
,"C:\\Users\\GermanDG\\Desktop\\Practicas\\udemy\\pruebas-tecnicas\\challenge5\\percent.js": {"path":"C:\\Users\\GermanDG\\Desktop\\Practicas\\udemy\\pruebas-tecnicas\\challenge5\\percent.js","all":false,"statementMap":{"0":{"start":{"line":1,"column":0},"end":{"line":1,"column":47}},"1":{"start":{"line":2,"column":0},"end":{"line":2,"column":70}},"2":{"start":{"line":3,"column":0},"end":{"line":3,"column":2}},"3":{"start":{"line":4,"column":0},"end":{"line":4,"column":0}},"4":{"start":{"line":5,"column":0},"end":{"line":5,"column":34}}},"s":{"0":1,"1":1,"2":1,"3":1,"4":1},"branchMap":{"0":{"type":"branch","line":1,"loc":{"start":{"line":1,"column":25},"end":{"line":3,"column":2}},"locations":[{"start":{"line":1,"column":25},"end":{"line":3,"column":2}}]}},"b":{"0":[1]},"fnMap":{"0":{"name":"percentOfANumber","decl":{"start":{"line":1,"column":25},"end":{"line":3,"column":2}},"loc":{"start":{"line":1,"column":25},"end":{"line":3,"column":2}},"line":1}},"f":{"0":1}}
,"C:\\Users\\GermanDG\\Desktop\\Practicas\\udemy\\pruebas-tecnicas\\challenge6\\emptySquare.js": {"path":"C:\\Users\\GermanDG\\Desktop\\Practicas\\udemy\\pruebas-tecnicas\\challenge6\\emptySquare.js","all":false,"statementMap":{"0":{"start":{"line":1,"column":0},"end":{"line":1,"column":35}},"1":{"start":{"line":2,"column":0},"end":{"line":2,"column":22}},"2":{"start":{"line":3,"column":0},"end":{"line":3,"column":34}},"3":{"start":{"line":4,"column":0},"end":{"line":4,"column":22}},"4":{"start":{"line":5,"column":0},"end":{"line":5,"column":3}},"5":{"start":{"line":6,"column":0},"end":{"line":6,"column":20}},"6":{"start":{"line":7,"column":0},"end":{"line":7,"column":2}},"7":{"start":{"line":8,"column":0},"end":{"line":8,"column":0}},"8":{"start":{"line":9,"column":0},"end":{"line":9,"column":33}},"9":{"start":{"line":10,"column":0},"end":{"line":10,"column":20}},"10":{"start":{"line":11,"column":0},"end":{"line":11,"column":35}},"11":{"start":{"line":12,"column":0},"end":{"line":12,"column":25}},"12":{"start":{"line":13,"column":0},"end":{"line":13,"column":25}},"13":{"start":{"line":14,"column":0},"end":{"line":14,"column":36}},"14":{"start":{"line":15,"column":0},"end":{"line":15,"column":25}},"15":{"start":{"line":16,"column":0},"end":{"line":16,"column":57}},"16":{"start":{"line":17,"column":0},"end":{"line":17,"column":25}},"17":{"start":{"line":18,"column":0},"end":{"line":18,"column":17}},"18":{"start":{"line":19,"column":0},"end":{"line":19,"column":3}},"19":{"start":{"line":20,"column":0},"end":{"line":20,"column":18}},"20":{"start":{"line":21,"column":0},"end":{"line":21,"column":2}},"21":{"start":{"line":22,"column":0},"end":{"line":22,"column":0}},"22":{"start":{"line":23,"column":0},"end":{"line":23,"column":30}},"23":{"start":{"line":24,"column":0},"end":{"line":24,"column":18}},"24":{"start":{"line":25,"column":0},"end":{"line":25,"column":41}},"25":{"start":{"line":26,"column":0},"end":{"line":26,"column":39}},"26":{"start":{"line":27,"column":0},"end":{"line":27,"column":41}},"27":{"start":{"line":28,"column":0},"end":{"line":28,"column":3}},"28":{"start":{"line":29,"column":0},"end":{"line":29,"column":34}},"29":{"start":{"line":30,"column":0},"end":{"line":30,"column":16}},"30":{"start":{"line":31,"column":0},"end":{"line":31,"column":2}},"31":{"start":{"line":32,"column":0},"end":{"line":32,"column":0}},"32":{"start":{"line":33,"column":0},"end":{"line":33,"column":64}}},"s":{"0":1,"1":3,"2":3,"3":9,"4":9,"5":3,"6":3,"7":1,"8":1,"9":2,"10":2,"11":8,"12":6,"13":6,"14":4,"15":4,"16":2,"17":2,"18":8,"19":2,"20":2,"21":1,"22":1,"23":1,"24":1,"25":1,"26":1,"27":1,"28":1,"29":1,"30":1,"31":1,"32":1},"branchMap":{"0":{"type":"branch","line":1,"loc":{"start":{"line":1,"column":25},"end":{"line":7,"column":2}},"locations":[{"start":{"line":1,"column":25},"end":{"line":7,"column":2}}]},"1":{"type":"branch","line":3,"loc":{"start":{"line":3,"column":33},"end":{"line":5,"column":3}},"locations":[{"start":{"line":3,"column":33},"end":{"line":5,"column":3}}]},"2":{"type":"branch","line":9,"loc":{"start":{"line":9,"column":23},"end":{"line":21,"column":2}},"locations":[{"start":{"line":9,"column":23},"end":{"line":21,"column":2}}]},"3":{"type":"branch","line":11,"loc":{"start":{"line":11,"column":34},"end":{"line":19,"column":3}},"locations":[{"start":{"line":11,"column":34},"end":{"line":19,"column":3}}]},"4":{"type":"branch","line":12,"loc":{"start":{"line":12,"column":4},"end":{"line":13,"column":25}},"locations":[{"start":{"line":12,"column":4},"end":{"line":13,"column":25}}]},"5":{"type":"branch","line":12,"loc":{"start":{"line":12,"column":4},"end":{"line":18,"column":17}},"locations":[{"start":{"line":12,"column":4},"end":{"line":18,"column":17}}]},"6":{"type":"branch","line":14,"loc":{"start":{"line":14,"column":8},"end":{"line":15,"column":25}},"locations":[{"start":{"line":14,"column":8},"end":{"line":15,"column":25}}]},"7":{"type":"branch","line":14,"loc":{"start":{"line":14,"column":8},"end":{"line":18,"column":17}},"locations":[{"start":{"line":14,"column":8},"end":{"line":18,"column":17}}]},"8":{"type":"branch","line":16,"loc":{"start":{"line":16,"column":8},"end":{"line":17,"column":25}},"locations":[{"start":{"line":16,"column":8},"end":{"line":17,"column":25}}]},"9":{"type":"branch","line":16,"loc":{"start":{"line":16,"column":8},"end":{"line":18,"column":17}},"locations":[{"start":{"line":16,"column":8},"end":{"line":18,"column":17}}]},"10":{"type":"branch","line":23,"loc":{"start":{"line":23,"column":20},"end":{"line":31,"column":2}},"locations":[{"start":{"line":23,"column":20},"end":{"line":31,"column":2}}]}},"b":{"0":[3],"1":[9],"2":[2],"3":[8],"4":[2],"5":[6],"6":[2],"7":[4],"8":[2],"9":[2],"10":[1]},"fnMap":{"0":{"name":"horizontalLines","decl":{"start":{"line":1,"column":25},"end":{"line":7,"column":2}},"loc":{"start":{"line":1,"column":25},"end":{"line":7,"column":2}},"line":1},"1":{"name":"verticalLines","decl":{"start":{"line":9,"column":23},"end":{"line":21,"column":2}},"loc":{"start":{"line":9,"column":23},"end":{"line":21,"column":2}},"line":9},"2":{"name":"makeSquare","decl":{"start":{"line":23,"column":20},"end":{"line":31,"column":2}},"loc":{"start":{"line":23,"column":20},"end":{"line":31,"column":2}},"line":23}},"f":{"0":3,"1":2,"2":1}}
,"C:\\Users\\GermanDG\\Desktop\\Practicas\\udemy\\pruebas-tecnicas\\challenge7\\pairsBetweenTwoNumbers.js": {"path":"C:\\Users\\GermanDG\\Desktop\\Practicas\\udemy\\pruebas-tecnicas\\challenge7\\pairsBetweenTwoNumbers.js","all":false,"statementMap":{"0":{"start":{"line":1,"column":0},"end":{"line":1,"column":57}},"1":{"start":{"line":2,"column":0},"end":{"line":2,"column":22}},"2":{"start":{"line":3,"column":0},"end":{"line":3,"column":46}},"3":{"start":{"line":4,"column":0},"end":{"line":4,"column":23}},"4":{"start":{"line":5,"column":0},"end":{"line":5,"column":3}},"5":{"start":{"line":6,"column":0},"end":{"line":6,"column":58}},"6":{"start":{"line":7,"column":0},"end":{"line":7,"column":35}},"7":{"start":{"line":8,"column":0},"end":{"line":8,"column":15}},"8":{"start":{"line":9,"column":0},"end":{"line":9,"column":8}},"9":{"start":{"line":10,"column":0},"end":{"line":10,"column":84}},"10":{"start":{"line":11,"column":0},"end":{"line":11,"column":2}},"11":{"start":{"line":12,"column":0},"end":{"line":12,"column":0}},"12":{"start":{"line":13,"column":0},"end":{"line":13,"column":40}}},"s":{"0":1,"1":1,"2":1,"3":9,"4":9,"5":1,"6":9,"7":9,"8":1,"9":1,"10":1,"11":1,"12":1},"branchMap":{"0":{"type":"branch","line":1,"loc":{"start":{"line":1,"column":31},"end":{"line":11,"column":2}},"locations":[{"start":{"line":1,"column":31},"end":{"line":11,"column":2}}]},"1":{"type":"branch","line":3,"loc":{"start":{"line":3,"column":45},"end":{"line":5,"column":3}},"locations":[{"start":{"line":3,"column":45},"end":{"line":5,"column":3}}]},"2":{"type":"branch","line":6,"loc":{"start":{"line":6,"column":40},"end":{"line":9,"column":5}},"locations":[{"start":{"line":6,"column":40},"end":{"line":9,"column":5}}]},"3":{"type":"branch","line":7,"loc":{"start":{"line":7,"column":4},"end":{"line":7,"column":31}},"locations":[{"start":{"line":7,"column":4},"end":{"line":7,"column":31}}]},"4":{"type":"branch","line":7,"loc":{"start":{"line":7,"column":4},"end":{"line":7,"column":35}},"locations":[{"start":{"line":7,"column":4},"end":{"line":7,"column":35}}]}},"b":{"0":[1],"1":[9],"2":[9],"3":[4],"4":[5]},"fnMap":{"0":{"name":"pairsBetweenTwoNumbers","decl":{"start":{"line":1,"column":31},"end":{"line":11,"column":2}},"loc":{"start":{"line":1,"column":31},"end":{"line":11,"column":2}},"line":1}},"f":{"0":1}}
,"C:\\Users\\GermanDG\\Desktop\\Practicas\\udemy\\pruebas-tecnicas\\challenge8\\reverseNumber.js": {"path":"C:\\Users\\GermanDG\\Desktop\\Practicas\\udemy\\pruebas-tecnicas\\challenge8\\reverseNumber.js","all":false,"statementMap":{"0":{"start":{"line":1,"column":0},"end":{"line":1,"column":35}},"1":{"start":{"line":2,"column":0},"end":{"line":2,"column":10}},"2":{"start":{"line":3,"column":0},"end":{"line":3,"column":80}},"3":{"start":{"line":4,"column":0},"end":{"line":4,"column":4}},"4":{"start":{"line":5,"column":0},"end":{"line":5,"column":2}},"5":{"start":{"line":6,"column":0},"end":{"line":6,"column":0}},"6":{"start":{"line":7,"column":0},"end":{"line":7,"column":31}}},"s":{"0":1,"1":1,"2":1,"3":1,"4":1,"5":1,"6":1},"branchMap":{"0":{"type":"branch","line":1,"loc":{"start":{"line":1,"column":23},"end":{"line":5,"column":2}},"locations":[{"start":{"line":1,"column":23},"end":{"line":5,"column":2}}]}},"b":{"0":[1]},"fnMap":{"0":{"name":"reverseNumber","decl":{"start":{"line":1,"column":23},"end":{"line":5,"column":2}},"loc":{"start":{"line":1,"column":23},"end":{"line":5,"column":2}},"line":1}},"f":{"0":1}}
,"C:\\Users\\GermanDG\\Desktop\\Practicas\\udemy\\pruebas-tecnicas\\challenge9\\repetedItemsInArrays.js": {"path":"C:\\Users\\GermanDG\\Desktop\\Practicas\\udemy\\pruebas-tecnicas\\challenge9\\repetedItemsInArrays.js","all":false,"statementMap":{"0":{"start":{"line":1,"column":0},"end":{"line":1,"column":50}},"1":{"start":{"line":2,"column":0},"end":{"line":2,"column":41}},"2":{"start":{"line":3,"column":0},"end":{"line":3,"column":33}},"3":{"start":{"line":4,"column":0},"end":{"line":4,"column":5}},"4":{"start":{"line":5,"column":0},"end":{"line":5,"column":17}},"5":{"start":{"line":6,"column":0},"end":{"line":6,"column":2}},"6":{"start":{"line":7,"column":0},"end":{"line":7,"column":0}},"7":{"start":{"line":8,"column":0},"end":{"line":8,"column":38}}},"s":{"0":1,"1":1,"2":3,"3":3,"4":1,"5":1,"6":1,"7":1},"branchMap":{"0":{"type":"branch","line":1,"loc":{"start":{"line":1,"column":29},"end":{"line":6,"column":2}},"locations":[{"start":{"line":1,"column":29},"end":{"line":6,"column":2}}]},"1":{"type":"branch","line":2,"loc":{"start":{"line":2,"column":31},"end":{"line":4,"column":5}},"locations":[{"start":{"line":2,"column":31},"end":{"line":4,"column":5}}]}},"b":{"0":[1],"1":[3]},"fnMap":{"0":{"name":"repetedItemsInArrays","decl":{"start":{"line":1,"column":29},"end":{"line":6,"column":2}},"loc":{"start":{"line":1,"column":29},"end":{"line":6,"column":2}},"line":1}},"f":{"0":1}}
}
