TN:
SF:challenge2\palindrome.js
FN:1,isPalindrome
FNF:1
FNH:1
FNDA:2,isPalindrome
DA:1,1
DA:2,2
DA:3,2
DA:4,2
DA:5,1
DA:6,1
LF:6
LH:6
BRDA:1,0,0,2
BRF:1
BRH:1
end_of_record
TN:
SF:challenge3\timesInASentence.js
FN:1,timesInASentence
FNF:1
FNH:1
FNDA:1,timesInASentence
DA:1,1
DA:2,1
DA:3,1
DA:4,8
DA:5,8
DA:6,1
DA:7,1
DA:8,1
DA:9,1
DA:10,1
LF:10
LH:10
BRDA:1,0,0,1
BRDA:3,1,0,8
BRDA:4,2,0,2
BRDA:4,3,0,6
BRF:4
BRH:4
end_of_record
TN:
SF:challenge4\reverseStringWithoutMethods.js
FN:1,reverseString
FNF:1
FNH:1
FNDA:1,reverseString
DA:1,1
DA:2,1
DA:3,1
DA:4,6
DA:5,6
DA:6,1
DA:7,1
DA:8,1
DA:9,1
LF:9
LH:9
BRDA:1,0,0,1
BRDA:3,1,0,6
BRF:2
BRH:2
end_of_record
TN:
SF:challenge5\percent.js
FN:1,percentOfANumber
FNF:1
FNH:1
FNDA:1,percentOfANumber
DA:1,1
DA:2,1
DA:3,1
DA:4,1
DA:5,1
LF:5
LH:5
BRDA:1,0,0,1
BRF:1
BRH:1
end_of_record
TN:
SF:challenge6\emptySquare.js
FN:1,horizontalLines
FN:9,verticalLines
FN:23,makeSquare
FNF:3
FNH:3
FNDA:3,horizontalLines
FNDA:2,verticalLines
FNDA:1,makeSquare
DA:1,1
DA:2,3
DA:3,3
DA:4,9
DA:5,9
DA:6,3
DA:7,3
DA:8,1
DA:9,1
DA:10,2
DA:11,2
DA:12,8
DA:13,6
DA:14,6
DA:15,4
DA:16,4
DA:17,2
DA:18,2
DA:19,8
DA:20,2
DA:21,2
DA:22,1
DA:23,1
DA:24,1
DA:25,1
DA:26,1
DA:27,1
DA:28,1
DA:29,1
DA:30,1
DA:31,1
DA:32,1
DA:33,1
LF:33
LH:33
BRDA:1,0,0,3
BRDA:3,1,0,9
BRDA:9,2,0,2
BRDA:11,3,0,8
BRDA:12,4,0,2
BRDA:12,5,0,6
BRDA:14,6,0,2
BRDA:14,7,0,4
BRDA:16,8,0,2
BRDA:16,9,0,2
BRDA:23,10,0,1
BRF:11
BRH:11
end_of_record
TN:
SF:challenge7\pairsBetweenTwoNumbers.js
FN:1,pairsBetweenTwoNumbers
FNF:1
FNH:1
FNDA:1,pairsBetweenTwoNumbers
DA:1,1
DA:2,1
DA:3,1
DA:4,9
DA:5,9
DA:6,1
DA:7,9
DA:8,9
DA:9,1
DA:10,1
DA:11,1
DA:12,1
DA:13,1
LF:13
LH:13
BRDA:1,0,0,1
BRDA:3,1,0,9
BRDA:6,2,0,9
BRDA:7,3,0,4
BRDA:7,4,0,5
BRF:5
BRH:5
end_of_record
TN:
SF:challenge8\reverseNumber.js
FN:1,reverseNumber
FNF:1
FNH:1
FNDA:1,reverseNumber
DA:1,1
DA:2,1
DA:3,1
DA:4,1
DA:5,1
DA:6,1
DA:7,1
LF:7
LH:7
BRDA:1,0,0,1
BRF:1
BRH:1
end_of_record
TN:
SF:challenge9\repetedItemsInArrays.js
FN:1,repetedItemsInArrays
FNF:1
FNH:1
FNDA:1,repetedItemsInArrays
DA:1,1
DA:2,1
DA:3,3
DA:4,3
DA:5,1
DA:6,1
DA:7,1
DA:8,1
DA:9,1
DA:10,1
LF:10
LH:10
BRDA:1,0,0,1
BRDA:2,1,0,3
BRF:2
BRH:2
end_of_record
